生成启动时间为 2020/4/24 21:02:14。
     1>项目“H:\2020C C++学习\ClassCode\C_Practice\Contact.c\Contact.c\Contact.c.vcxproj”在节点 2 上(Build 个目标)。
     1>ClCompile:
         C:\Program Files (x86)\Microsoft Visual Studio 14.0\VC\bin\CL.exe /c /ZI /nologo /W3 /WX- /sdl /Od /Oy- /D _MBCS /Gm /EHsc /RTC1 /MDd /GS /fp:precise /Zc:wchar_t /Zc:forScope /Zc:inline /Fo"Debug\\" /Fd"Debug\vc140.pdb" /Gd /TC /analyze- /errorReport:prompt Contact.c ContactMain.c
         ContactMain.c
         Contact.c
     1>h:\2020c c++学习\classcode\c_practice\contact.c\contact.c\contact.c(7): warning C4013: “memset”未定义；假设外部返回 int
     1>h:\2020c c++学习\classcode\c_practice\contact.c\contact.c\contact.c(23): warning C4477: 'scanf' : format string '%s' requires an argument of type 'char *', but variadic argument 1 has type 'short *'
         h:\2020c c++学习\classcode\c_practice\contact.c\contact.c\contact.c(23): note: consider using '%ls' in the format string
         h:\2020c c++学习\classcode\c_practice\contact.c\contact.c\contact.c(23): note: consider using '%lls' in the format string
         h:\2020c c++学习\classcode\c_practice\contact.c\contact.c\contact.c(23): note: consider using '%Ls' in the format string
         h:\2020c c++学习\classcode\c_practice\contact.c\contact.c\contact.c(23): note: consider using '%ws' in the format string
     1>h:\2020c c++学习\classcode\c_practice\contact.c\contact.c\contact.c(13): warning C4101: “name”: 未引用的局部变量
     1>h:\2020c c++学习\classcode\c_practice\contact.c\contact.c\contact.c(14): warning C4101: “sex”: 未引用的局部变量
     1>h:\2020c c++学习\classcode\c_practice\contact.c\contact.c\contact.c(17): warning C4101: “age”: 未引用的局部变量
     1>h:\2020c c++学习\classcode\c_practice\contact.c\contact.c\contact.c(15): warning C4101: “tel”: 未引用的局部变量
     1>h:\2020c c++学习\classcode\c_practice\contact.c\contact.c\contact.c(16): warning C4101: “addr”: 未引用的局部变量
         正在生成代码...
       Link:
         C:\Program Files (x86)\Microsoft Visual Studio 14.0\VC\bin\link.exe /ERRORREPORT:PROMPT /OUT:"H:\2020C C++学习\ClassCode\C_Practice\Contact.c\Debug\Contact.c.exe" /INCREMENTAL /NOLOGO kernel32.lib user32.lib gdi32.lib winspool.lib comdlg32.lib advapi32.lib shell32.lib ole32.lib oleaut32.lib uuid.lib odbc32.lib odbccp32.lib /MANIFEST /MANIFESTUAC:"level='asInvoker' uiAccess='false'" /manifest:embed /Debug /PDB:"H:\2020C C++学习\ClassCode\C_Practice\Contact.c\Debug\Contact.c.pdb" /TLBID:1 /DYNAMICBASE /NXCOMPAT /IMPLIB:"H:\2020C C++学习\ClassCode\C_Practice\Contact.c\Debug\Contact.c.lib" /MACHINE:X86 Debug\Contact.obj
         Debug\ContactMain.obj
         Contact.c.vcxproj -> H:\2020C C++学习\ClassCode\C_Practice\Contact.c\Debug\Contact.c.exe
     1>已完成生成项目“H:\2020C C++学习\ClassCode\C_Practice\Contact.c\Contact.c\Contact.c.vcxproj”(Build 个目标)的操作。

已成功生成。

已用时间 00:00:43.09
